<?xml version="1.0" encoding="UTF-8"?>
<!-- Generated by org.testng.reporters.JUnitReportReporter -->
<testsuite skipped="0" hostname="user-PC" name="runner.RunCuke" tests="2" failures="0" timestamp="27 Nov 2018 20:38:46 GMT" time="0.171" errors="0">
  <testcase name="feature" time="0.153" classname="runner.RunCuke"/>
  <testcase name="feature" time="0.018" classname="runner.RunCuke"/>
</testsuite> <!-- runner.RunCuke -->
